
     Program turboTDDFT v.6.7MaX starts on  7Sep2023 at 17:57: 0 

     This program is part of the open-source Quantum ESPRESSO suite
     for quantum simulation of materials; please cite
         "P. Giannozzi et al., J. Phys.:Condens. Matter 21 395502 (2009);
         "P. Giannozzi et al., J. Phys.:Condens. Matter 29 465901 (2017);
          URL http://www.quantum-espresso.org", 
     in publications or presentations arising from this work. More details at
     http://www.quantum-espresso.org/quote

     Parallel version (MPI), running on     1 processors

     MPI processes distributed on     1 nodes

     Reading xml data from directory:

     ./outdir/KDP.save/
     Message from routine read_pp_mesh:
     mesh size missing, using the one in header
     Message from routine read_pp_mesh:
     mesh size missing, using the one in header
     Message from routine read_pp_mesh:
     mesh size missing, using the one in header
     Message from routine read_pp_mesh:
     mesh size missing, using the one in header

     IMPORTANT: XC functional enforced from input :
     Exchange-correlation= PBE
                           (   1   4   3   4   0   0   0)
     Any further DFT definition will be discarded
     Please, verify this is what you really want


     G-vector sticks info
     --------------------
     sticks:   dense  smooth     PW     G-vecs:    dense   smooth      PW
     Sum        7033    3133    881               291743    86489   13039


     Check: negative core charge=   -0.000062
     read_file_new: Wavefunctions not in collected format?!?
     read_file: Wavefunctions in collected format not available

 %%%%%%%%%%%%%%%%%%%%%%%%%%%%%%%%%%%%%%%%%%%%%%%%%%%%%%%%%%%%%%%%%%%%%%%%%%%%%%
     Error in routine lr_readin (1):
     turboTDDFT is not extended to metals
 %%%%%%%%%%%%%%%%%%%%%%%%%%%%%%%%%%%%%%%%%%%%%%%%%%%%%%%%%%%%%%%%%%%%%%%%%%%%%%

     stopping ...
