 Warning: Only a single CPU will be used!

     Program TDDFPT_PP v.6.7MaX starts on 26Aug2023 at 19:16:21 

     This program is part of the open-source Quantum ESPRESSO suite
     for quantum simulation of materials; please cite
         "P. Giannozzi et al., J. Phys.:Condens. Matter 21 395502 (2009);
         "P. Giannozzi et al., J. Phys.:Condens. Matter 29 465901 (2017);
          URL http://www.quantum-espresso.org", 
     in publications or presentations arising from this work. More details at
     http://www.quantum-espresso.org/quote

     Parallel version (MPI), running on     1 processors

     MPI processes distributed on     1 nodes

     Reading    500 Lanczos steps for direction 1
        500 steps will be considered


     Reading    500 Lanczos steps for direction 2
        500 steps will be considered


     Reading    500 Lanczos steps for direction 3
        500 steps will be considered


     Polarization direction:1
     Lanczos coefficients:
     Average =    13.27403007
     Average oscillation amplitude =     0.16642324

     Polarization direction:2
     Lanczos coefficients:
     Average =    13.27390981
     Average oscillation amplitude =     0.18739883

     Polarization direction:3
     Lanczos coefficients:
     Average =    13.27867395
     Average oscillation amplitude =     0.19268844

     Data ready, starting to calculate observables...

     Broadening =      0.01000000 Ry

     Output file name: KDP.plot_chi.dat    

     Output file name for the oscillator strength S  KDP.plot_S.dat      

     chi_i_j: dipole polarizability tensor  in units of e^2*a_0^2/energy

     S: oscillator strength in units of 1/energy

     S(\hbar \omega) = 2m/( 3 \pi e^2 \hbar)  \omega sum_j chi_j_j

     S(\hbar \omega) satisfies the f-sum rule:  \int_0^\infty dE S(E) = N_el 

     Functions are reported in \hbar.\omega  Energy unit is (eV)

     TDDFPT_PP    :      0.41s CPU      0.41s WALL


   This run was terminated on:  19:16:22  26Aug2023            

=------------------------------------------------------------------------------=
   JOB DONE.
=------------------------------------------------------------------------------=
